<?xml version="1.0" encoding="UTF-8"?>
<!-- Generated by org.testng.reporters.JUnitReportReporter -->
<testsuite hostname="DESKTOP-3I5C8GM" failures="0" tests="4" name="com.logintest.Testclass3_Onboardingcompleted" time="27.359" errors="0" timestamp="2023-09-15T13:13:32 IST" skipped="0">
  <testcase classname="com.logintest.Testclass3_Onboardingcompleted" name="ClickonLoginwithPassword" time="0.263"/>
  <testcase classname="com.logintest.Testclass3_Onboardingcompleted" name="VerifyLoginFnctionality" time="6.165"/>
  <testcase classname="com.logintest.Testclass3_Onboardingcompleted" name="VerifyPortfolioProductTabDetails" time="7.565"/>
  <testcase classname="com.logintest.Testclass3_Onboardingcompleted" name="VerifyProfileDetails" time="13.366"/>
</testsuite> <!-- com.logintest.Testclass3_Onboardingcompleted -->
