<?xml version="1.0" encoding="UTF-8"?>
<!-- Generated by org.testng.reporters.JUnitReportReporter -->
<testsuite hostname="ts-Latitude-3340" failures="0" tests="20" name="com.logintest.Testclass1" time="3.165" errors="1" timestamp="2023-05-18T18:58:15 IST" skipped="19">
  <testcase classname="com.logintest.Testclass1" name="InitializeBrowser" time="3.165">
    <error message="Could not start a new session. Response code 500. Message: session not created: This version of ChromeDriver only supports Chrome version 108
Current browser version is 113.0.5672.126 with binary path /usr/bin/google-chrome 
Host info: host: &#039;ts-Latitude-3340&#039;, ip: &#039;127.0.1.1&#039;
Build info: version: &#039;4.9.1&#039;, revision: &#039;eb2032df7f&#039;
System info: os.name: &#039;Linux&#039;, os.arch: &#039;amd64&#039;, os.version: &#039;5.15.0-56-generic&#039;, java.version: &#039;17.0.5&#039;
Driver info: org.openqa.selenium.chrome.ChromeDriver
Command: [null, newSession {capabilities=[Capabilities {browserName: chrome, goog:chromeOptions: {args: [----disable-notifications, --remote-allow-origins=*], extensions: []}}]}]" type="org.openqa.selenium.SessionNotCreatedException">
      <![CDATA[org.openqa.selenium.SessionNotCreatedException: Could not start a new session. Response code 500. Message: session not created: This version of ChromeDriver only supports Chrome version 108
Current browser version is 113.0.5672.126 with binary path /usr/bin/google-chrome 
Host info: host: 'ts-Latitude-3340', ip: '127.0.1.1'
Build info: version: '4.9.1', revision: 'eb2032df7f'
System info: os.name: 'Linux', os.arch: 'amd64', os.version: '5.15.0-56-generic', java.version: '17.0.5'
Driver info: org.openqa.selenium.chrome.ChromeDriver
Command: [null, newSession {capabilities=[Capabilities {browserName: chrome, goog:chromeOptions: {args: [----disable-notifications, --remote-allow-origins=*], extensions: []}}]}]
at org.openqa.selenium.remote.ProtocolHandshake.createSession(ProtocolHandshake.java:136)
at org.openqa.selenium.remote.ProtocolHandshake.createSession(ProtocolHandshake.java:94)
at org.openqa.selenium.remote.ProtocolHandshake.createSession(ProtocolHandshake.java:68)
at org.openqa.selenium.remote.HttpCommandExecutor.execute(HttpCommandExecutor.java:165)
at org.openqa.selenium.remote.service.DriverCommandExecutor.invokeExecute(DriverCommandExecutor.java:183)
at org.openqa.selenium.remote.service.DriverCommandExecutor.execute(DriverCommandExecutor.java:158)
at org.openqa.selenium.remote.RemoteWebDriver.execute(RemoteWebDriver.java:543)
at org.openqa.selenium.remote.RemoteWebDriver.startSession(RemoteWebDriver.java:229)
at org.openqa.selenium.remote.RemoteWebDriver.<init>(RemoteWebDriver.java:157)
at org.openqa.selenium.chromium.ChromiumDriver.<init>(ChromiumDriver.java:101)
at org.openqa.selenium.chrome.ChromeDriver.<init>(ChromeDriver.java:88)
at org.openqa.selenium.chrome.ChromeDriver.<init>(ChromeDriver.java:84)
at org.openqa.selenium.chrome.ChromeDriver.<init>(ChromeDriver.java:73)
at com.Jarvis.Library.BaseClass.setUpBrowser(BaseClass.java:51)
at com.jarvis.testutility.BaseTest1.InitializeBrowser(BaseTest1.java:32)
at java.base/jdk.internal.reflect.NativeMethodAccessorImpl.invoke0(Native Method)
at java.base/jdk.internal.reflect.NativeMethodAccessorImpl.invoke(NativeMethodAccessorImpl.java:77)
at java.base/jdk.internal.reflect.DelegatingMethodAccessorImpl.invoke(DelegatingMethodAccessorImpl.java:43)
at java.base/java.lang.reflect.Method.invoke(Method.java:568)
at org.testng.internal.MethodInvocationHelper.invokeMethod(MethodInvocationHelper.java:133)
at org.testng.internal.MethodInvocationHelper.invokeMethodConsideringTimeout(MethodInvocationHelper.java:62)
at org.testng.internal.ConfigInvoker.invokeConfigurationMethod(ConfigInvoker.java:385)
at org.testng.internal.ConfigInvoker.invokeConfigurations(ConfigInvoker.java:321)
at org.testng.SuiteRunner.privateRun(SuiteRunner.java:317)
at org.testng.SuiteRunner.run(SuiteRunner.java:276)
at org.testng.SuiteRunnerWorker.runSuite(SuiteRunnerWorker.java:53)
at org.testng.SuiteRunnerWorker.run(SuiteRunnerWorker.java:96)
at org.testng.TestNG.runSuitesSequentially(TestNG.java:1212)
at org.testng.TestNG.runSuitesLocally(TestNG.java:1134)
at org.testng.TestNG.runSuites(TestNG.java:1063)
at org.testng.TestNG.run(TestNG.java:1031)
at org.testng.remote.AbstractRemoteTestNG.run(AbstractRemoteTestNG.java:115)
at org.testng.remote.RemoteTestNG.initAndRun(RemoteTestNG.java:251)
at org.testng.remote.RemoteTestNG.main(RemoteTestNG.java:77)
]]>
    </error>
  </testcase> <!-- InitializeBrowser -->
  <system-out/>
  <testcase classname="com.logintest.Testclass1" name="ClickonLoginwithPassword" time="0.000">
    <skipped/>
  </testcase> <!-- ClickonLoginwithPassword -->
  <system-out/>
  <testcase classname="com.logintest.Testclass1" name="VerifyLoginFnctionality" time="0.000">
    <skipped/>
  </testcase> <!-- VerifyLoginFnctionality -->
  <system-out/>
  <testcase classname="com.logintest.Testclass1" name="ClickOnInvestNowButton" time="0.000">
    <skipped/>
  </testcase> <!-- ClickOnInvestNowButton -->
  <system-out/>
  <testcase classname="com.logintest.Testclass1" name="ClickOnStartNowButton" time="0.000">
    <skipped/>
  </testcase> <!-- ClickOnStartNowButton -->
  <system-out/>
  <testcase classname="com.logintest.Testclass1" name="AttemptQuestionnaries" time="0.000">
    <skipped/>
  </testcase> <!-- AttemptQuestionnaries -->
  <system-out/>
  <testcase classname="com.logintest.Testclass1" name="ClickOnSubmitMyResponcesButton" time="0.000">
    <skipped/>
  </testcase> <!-- ClickOnSubmitMyResponcesButton -->
  <system-out/>
  <testcase classname="com.logintest.Testclass1" name="ConfirmResponces" time="0.000">
    <skipped/>
  </testcase> <!-- ConfirmResponces -->
  <system-out/>
  <testcase classname="com.logintest.Testclass1" name="SelectCheckbox" time="0.000">
    <skipped/>
  </testcase> <!-- SelectCheckbox -->
  <system-out/>
  <testcase classname="com.logintest.Testclass1" name="ConfirmRiskProfile" time="0.000">
    <skipped/>
  </testcase> <!-- ConfirmRiskProfile -->
  <system-out/>
  <testcase classname="com.logintest.Testclass1" name="SelectTenure1" time="0.000">
    <skipped/>
  </testcase> <!-- SelectTenure1 -->
  <system-out/>
  <testcase classname="com.logintest.Testclass1" name="SelectStrategy" time="0.000">
    <skipped/>
  </testcase> <!-- SelectStrategy -->
  <system-out/>
  <testcase classname="com.logintest.Testclass1" name="ClickOnSubmitMyStrategy" time="0.000">
    <skipped/>
  </testcase> <!-- ClickOnSubmitMyStrategy -->
  <system-out/>
  <testcase classname="com.logintest.Testclass1" name="SelectAmount" time="0.000">
    <skipped/>
  </testcase> <!-- SelectAmount -->
  <system-out/>
  <testcase classname="com.logintest.Testclass1" name="SelectPlan" time="0.000">
    <skipped/>
  </testcase> <!-- SelectPlan -->
  <system-out/>
  <testcase classname="com.logintest.Testclass1" name="CLickOnContinueButton" time="0.000">
    <skipped/>
  </testcase> <!-- CLickOnContinueButton -->
  <system-out/>
  <testcase classname="com.logintest.Testclass1" name="ConfirmInvestmentPreference" time="0.000">
    <skipped/>
  </testcase> <!-- ConfirmInvestmentPreference -->
  <system-out/>
  <testcase classname="com.logintest.Testclass1" name="UnlockPortfolioButton" time="0.000">
    <skipped/>
  </testcase> <!-- UnlockPortfolioButton -->
  <system-out/>
  <testcase classname="com.logintest.Testclass1" name="ClickOnPayNowButton" time="0.000">
    <skipped/>
  </testcase> <!-- ClickOnPayNowButton -->
  <system-out/>
  <testcase classname="com.logintest.Testclass1" name="ClickOnIAgreeButton" time="0.000">
    <skipped/>
  </testcase> <!-- ClickOnIAgreeButton -->
  <system-out/>
</testsuite> <!-- com.logintest.Testclass1 -->
